<?xml version="1.0" encoding="UTF-8"?>
<!-- Generated by org.testng.reporters.JUnitXMLReporter -->
<testsuite ignored="0" hostname="abzal" failures="1" tests="3" name="Test3" time="11.803" errors="0" timestamp="2023-07-10T21:45:47 IST">
  <testcase classname="test1.SearchTest" name="verifyWithValidSearchProduct" time="0.678"/>
  <testcase classname="test1.SearchTest" name="verifyWithInvalidSearchProduct" time="0.426">
    <failure type="java.lang.AssertionError" message="expected [There is no product that matche the search criteria.] but found [There is no product that matches the search criteria.]">
      <![CDATA[java.lang.AssertionError: expected [There is no product that matche the search criteria.] but found [There is no product that matches the search criteria.]
at test1.SearchTest.verifyWithInvalidSearchProduct(SearchTest.java:51)
at java.base/java.util.ArrayList.forEach(ArrayList.java:1511)
... Removed 33 stack frames]]>
    </failure>
  </testcase> <!-- verifyWithInvalidSearchProduct -->
  <testcase classname="test1.SearchTest" name="verifyWithBlankSearchProduct" time="0.394"/>
</testsuite> <!-- Test3 -->
