<?xml version="1.0" encoding="UTF-8"?>
<!-- Generated by org.testng.reporters.JUnitXMLReporter -->
<testsuite ignored="0" hostname="abzal" failures="1" tests="12" name="Test1" time="85.772" errors="0" timestamp="2023-07-11T14:28:07 IST">
  <testcase classname="test1.Registrationtest" name="registerWithonly_Mandatoryfields" time="3.193"/>
  <testcase classname="test1.Registrationtest" name="verifyRegisterdAccountByprovidingMandatoryFields" time="0.869"/>
  <testcase classname="test1.Registrationtest" name="registerWith_ALLfields" time="3.366"/>
  <testcase classname="test1.logintest" name="verifyLoginWithValidCredemtials" time="0.809"/>
  <testcase classname="test1.logintest" name="verifyLoginWithValidCredemtials" time="0.777"/>
  <testcase classname="test1.logintest" name="verifyLoginWithValidCredemtials" time="0.775"/>
  <testcase classname="test1.logintest" name="verifyLoginWithInValidCredemtials" time="0.574"/>
  <testcase classname="test1.logintest" name="verifyLoginWithInValid_email" time="0.594"/>
  <testcase classname="test1.logintest" name="verifyLoginWithInValid_password" time="0.538"/>
  <testcase classname="test1.SearchTest" name="verifyWithValidSearchProduct" time="0.639"/>
  <testcase classname="test1.SearchTest" name="verifyWithInvalidSearchProduct" time="0.474">
    <failure type="java.lang.AssertionError" message="expected [There is no product that matche the search criteria.] but found [There is no product that matches the search criteria.]">
      <![CDATA[java.lang.AssertionError: expected [There is no product that matche the search criteria.] but found [There is no product that matches the search criteria.]
at test1.SearchTest.verifyWithInvalidSearchProduct(SearchTest.java:51)
at java.base/java.util.ArrayList.forEach(ArrayList.java:1511)
... Removed 33 stack frames]]>
    </failure>
  </testcase> <!-- verifyWithInvalidSearchProduct -->
  <testcase classname="test1.SearchTest" name="verifyWithBlankSearchProduct" time="0.37"/>
</testsuite> <!-- Test1 -->
