<?xml version="1.0" encoding="UTF-8"?>
<!-- Generated by org.testng.reporters.JUnitXMLReporter -->
<testsuite ignored="0" hostname="abzal" failures="1" tests="12" name="Test1" time="62.863" errors="0" timestamp="2023-07-13T08:14:32 IST">
  <testcase classname="test1.RegistrationTest" name="registerWithonly_Mandatoryfields" time="3.133"/>
  <testcase classname="test1.RegistrationTest" name="verifyRegisterdAccountByprovidingMandatoryFields" time="0.782"/>
  <testcase classname="test1.RegistrationTest" name="registerWith_ALLfields" time="3.336"/>
  <testcase classname="test1.LoginTest" name="verifyLoginWithValidCredemtials" time="0.834"/>
  <testcase classname="test1.LoginTest" name="verifyLoginWithValidCredemtials" time="0.833"/>
  <testcase classname="test1.LoginTest" name="verifyLoginWithValidCredemtials" time="0.783"/>
  <testcase classname="test1.LoginTest" name="verifyLoginWithInValidCredemtials" time="0.628"/>
  <testcase classname="test1.LoginTest" name="verifyLoginWithInValid_email" time="0.65"/>
  <testcase classname="test1.LoginTest" name="verifyLoginWithInValid_password" time="0.551"/>
  <testcase classname="test1.SearchTest" name="verifyWithValidSearchProduct" time="0.666"/>
  <testcase classname="test1.SearchTest" name="verifyWithInvalidSearchProduct" time="0.453">
    <failure type="java.lang.AssertionError" message="expected [There is no product that matche the search criteria.] but found [There is no product that matches the search criteria.]">
      <![CDATA[java.lang.AssertionError: expected [There is no product that matche the search criteria.] but found [There is no product that matches the search criteria.]
at test1.SearchTest.verifyWithInvalidSearchProduct(SearchTest.java:51)
at java.base/java.util.ArrayList.forEach(ArrayList.java:1511)
... Removed 37 stack frames]]>
    </failure>
  </testcase> <!-- verifyWithInvalidSearchProduct -->
  <testcase classname="test1.SearchTest" name="verifyWithBlankSearchProduct" time="0.405"/>
</testsuite> <!-- Test1 -->
