<?xml version="1.0" encoding="UTF-8"?>
<testng-results ignored="0" total="12" passed="11" failed="1" skipped="0">
  <reporter-output>
  </reporter-output>
  <suite started-at="2023-07-13T08:13:28 IST" name="Suite" finished-at="2023-07-13T08:14:31 IST" duration-ms="62863">
    <groups>
    </groups>
    <test started-at="2023-07-13T08:13:28 IST" name="Test1" finished-at="2023-07-13T08:14:31 IST" duration-ms="62863">
      <class name="test1.SearchTest">
        <test-method is-config="true" signature="setup()[pri:0, instance:test1.SearchTest@25ce9dc4]" started-at="2023-07-13T08:14:19 IST" name="setup" finished-at="2023-07-13T08:14:23 IST" duration-ms="4179" status="PASS">
          <reporter-output>
          </reporter-output>
        </test-method> <!-- setup -->
        <test-method signature="verifyWithValidSearchProduct()[pri:0, instance:test1.SearchTest@25ce9dc4]" started-at="2023-07-13T08:14:23 IST" name="verifyWithValidSearchProduct" finished-at="2023-07-13T08:14:23 IST" duration-ms="666" status="PASS">
          <reporter-output>
          </reporter-output>
        </test-method> <!-- verifyWithValidSearchProduct -->
        <test-method is-config="true" signature="teardown()[pri:0, instance:test1.SearchTest@25ce9dc4]" started-at="2023-07-13T08:14:23 IST" name="teardown" finished-at="2023-07-13T08:14:24 IST" duration-ms="231" status="PASS">
          <reporter-output>
          </reporter-output>
        </test-method> <!-- teardown -->
        <test-method is-config="true" signature="setup()[pri:0, instance:test1.SearchTest@25ce9dc4]" started-at="2023-07-13T08:14:24 IST" name="setup" finished-at="2023-07-13T08:14:27 IST" duration-ms="3055" status="PASS">
          <reporter-output>
          </reporter-output>
        </test-method> <!-- setup -->
        <test-method signature="verifyWithInvalidSearchProduct()[pri:1, instance:test1.SearchTest@25ce9dc4]" started-at="2023-07-13T08:14:27 IST" name="verifyWithInvalidSearchProduct" finished-at="2023-07-13T08:14:27 IST" duration-ms="453" status="FAIL">
          <exception class="java.lang.AssertionError">
            <message>
              <![CDATA[expected [There is no product that matche the search criteria.] but found [There is no product that matches the search criteria.]]]>
            </message>
            <full-stacktrace>
              <![CDATA[java.lang.AssertionError: expected [There is no product that matche the search criteria.] but found [There is no product that matches the search criteria.]
at org.testng.Assert.fail(Assert.java:111)
at org.testng.Assert.failNotEquals(Assert.java:1578)
at org.testng.Assert.assertEqualsImpl(Assert.java:150)
at org.testng.Assert.assertEquals(Assert.java:132)
at org.testng.Assert.assertEquals(Assert.java:656)
at org.testng.Assert.assertEquals(Assert.java:666)
at test1.SearchTest.verifyWithInvalidSearchProduct(SearchTest.java:51)
at java.base/jdk.internal.reflect.NativeMethodAccessorImpl.invoke0(Native Method)
at java.base/jdk.internal.reflect.NativeMethodAccessorImpl.invoke(NativeMethodAccessorImpl.java:77)
at java.base/jdk.internal.reflect.DelegatingMethodAccessorImpl.invoke(DelegatingMethodAccessorImpl.java:43)
at java.base/java.lang.reflect.Method.invoke(Method.java:568)
at org.testng.internal.invokers.MethodInvocationHelper.invokeMethod(MethodInvocationHelper.java:139)
at org.testng.internal.invokers.TestInvoker.invokeMethod(TestInvoker.java:664)
at org.testng.internal.invokers.TestInvoker.invokeTestMethod(TestInvoker.java:227)
at org.testng.internal.invokers.MethodRunner.runInSequence(MethodRunner.java:50)
at org.testng.internal.invokers.TestInvoker$MethodInvocationAgent.invoke(TestInvoker.java:957)
at org.testng.internal.invokers.TestInvoker.invokeTestMethods(TestInvoker.java:200)
at org.testng.internal.invokers.TestMethodWorker.invokeTestMethods(TestMethodWorker.java:148)
at org.testng.internal.invokers.TestMethodWorker.run(TestMethodWorker.java:128)
at java.base/java.util.ArrayList.forEach(ArrayList.java:1511)
at org.testng.TestRunner.privateRun(TestRunner.java:848)
at org.testng.TestRunner.run(TestRunner.java:621)
at org.testng.SuiteRunner.runTest(SuiteRunner.java:443)
at org.testng.SuiteRunner.runSequentially(SuiteRunner.java:437)
at org.testng.SuiteRunner.privateRun(SuiteRunner.java:397)
at org.testng.SuiteRunner.run(SuiteRunner.java:336)
at org.testng.SuiteRunnerWorker.runSuite(SuiteRunnerWorker.java:52)
at org.testng.SuiteRunnerWorker.run(SuiteRunnerWorker.java:95)
at org.testng.TestNG.runSuitesSequentially(TestNG.java:1280)
at org.testng.TestNG.runSuitesLocally(TestNG.java:1200)
at org.testng.TestNG.runSuites(TestNG.java:1114)
at org.testng.TestNG.run(TestNG.java:1082)
at org.apache.maven.surefire.testng.TestNGExecutor.run(TestNGExecutor.java:308)
at org.apache.maven.surefire.testng.TestNGXmlTestSuite.execute(TestNGXmlTestSuite.java:71)
at org.apache.maven.surefire.testng.TestNGProvider.invoke(TestNGProvider.java:113)
at org.apache.maven.surefire.booter.ForkedBooter.runSuitesInProcess(ForkedBooter.java:385)
at org.apache.maven.surefire.booter.ForkedBooter.execute(ForkedBooter.java:162)
at org.apache.maven.surefire.booter.ForkedBooter.run(ForkedBooter.java:507)
at org.apache.maven.surefire.booter.ForkedBooter.main(ForkedBooter.java:495)
]]>
            </full-stacktrace>
          </exception> <!-- java.lang.AssertionError -->
          <reporter-output>
          </reporter-output>
        </test-method> <!-- verifyWithInvalidSearchProduct -->
        <test-method is-config="true" signature="teardown()[pri:0, instance:test1.SearchTest@25ce9dc4]" started-at="2023-07-13T08:14:27 IST" name="teardown" finished-at="2023-07-13T08:14:28 IST" duration-ms="268" status="PASS">
          <reporter-output>
          </reporter-output>
        </test-method> <!-- teardown -->
        <test-method is-config="true" signature="setup()[pri:0, instance:test1.SearchTest@25ce9dc4]" started-at="2023-07-13T08:14:28 IST" name="setup" finished-at="2023-07-13T08:14:31 IST" duration-ms="3040" status="PASS">
          <reporter-output>
          </reporter-output>
        </test-method> <!-- setup -->
        <test-method signature="verifyWithBlankSearchProduct()[pri:2, instance:test1.SearchTest@25ce9dc4]" started-at="2023-07-13T08:14:31 IST" name="verifyWithBlankSearchProduct" finished-at="2023-07-13T08:14:31 IST" duration-ms="405" status="PASS">
          <reporter-output>
          </reporter-output>
        </test-method> <!-- verifyWithBlankSearchProduct -->
        <test-method is-config="true" signature="teardown()[pri:0, instance:test1.SearchTest@25ce9dc4]" started-at="2023-07-13T08:14:31 IST" name="teardown" finished-at="2023-07-13T08:14:31 IST" duration-ms="226" status="PASS">
          <reporter-output>
          </reporter-output>
        </test-method> <!-- teardown -->
      </class> <!-- test1.SearchTest -->
      <class name="test1.LoginTest">
        <test-method is-config="true" signature="setup()[pri:0, instance:test1.LoginTest@173ed316]" started-at="2023-07-13T08:13:50 IST" name="setup" finished-at="2023-07-13T08:13:53 IST" duration-ms="3426" status="PASS">
          <reporter-output>
          </reporter-output>
        </test-method> <!-- setup -->
        <test-method signature="verifyLoginWithValidCredemtials(java.lang.String,java.lang.String)[pri:1, instance:test1.LoginTest@173ed316]" started-at="2023-07-13T08:13:53 IST" name="verifyLoginWithValidCredemtials" data-provider="Abzal" finished-at="2023-07-13T08:13:54 IST" duration-ms="834" status="PASS">
          <params>
            <param index="0">
              <value>
                <![CDATA[O170700@rguktong.ac.in]]>
              </value>
            </param>
            <param index="1">
              <value>
                <![CDATA[7359@Abzal]]>
              </value>
            </param>
          </params>
          <reporter-output>
          </reporter-output>
        </test-method> <!-- verifyLoginWithValidCredemtials -->
        <test-method is-config="true" signature="teardown()[pri:0, instance:test1.LoginTest@173ed316]" started-at="2023-07-13T08:13:54 IST" name="teardown" finished-at="2023-07-13T08:13:54 IST" duration-ms="197" status="PASS">
          <reporter-output>
          </reporter-output>
        </test-method> <!-- teardown -->
        <test-method is-config="true" signature="setup()[pri:0, instance:test1.LoginTest@173ed316]" started-at="2023-07-13T08:13:54 IST" name="setup" finished-at="2023-07-13T08:13:58 IST" duration-ms="3828" status="PASS">
          <reporter-output>
          </reporter-output>
        </test-method> <!-- setup -->
        <test-method signature="verifyLoginWithValidCredemtials(java.lang.String,java.lang.String)[pri:1, instance:test1.LoginTest@173ed316]" started-at="2023-07-13T08:13:58 IST" name="verifyLoginWithValidCredemtials" data-provider="Abzal" finished-at="2023-07-13T08:13:59 IST" duration-ms="833" status="PASS">
          <params>
            <param index="0">
              <value>
                <![CDATA[O170700@rguktong.ac.in]]>
              </value>
            </param>
            <param index="1">
              <value>
                <![CDATA[7359@Abzal]]>
              </value>
            </param>
          </params>
          <reporter-output>
          </reporter-output>
        </test-method> <!-- verifyLoginWithValidCredemtials -->
        <test-method is-config="true" signature="teardown()[pri:0, instance:test1.LoginTest@173ed316]" started-at="2023-07-13T08:13:59 IST" name="teardown" finished-at="2023-07-13T08:13:59 IST" duration-ms="289" status="PASS">
          <reporter-output>
          </reporter-output>
        </test-method> <!-- teardown -->
        <test-method is-config="true" signature="setup()[pri:0, instance:test1.LoginTest@173ed316]" started-at="2023-07-13T08:13:59 IST" name="setup" finished-at="2023-07-13T08:14:03 IST" duration-ms="4080" status="PASS">
          <reporter-output>
          </reporter-output>
        </test-method> <!-- setup -->
        <test-method signature="verifyLoginWithValidCredemtials(java.lang.String,java.lang.String)[pri:1, instance:test1.LoginTest@173ed316]" started-at="2023-07-13T08:14:03 IST" name="verifyLoginWithValidCredemtials" data-provider="Abzal" finished-at="2023-07-13T08:14:04 IST" duration-ms="783" status="PASS">
          <params>
            <param index="0">
              <value>
                <![CDATA[O170700@rguktong.ac.in]]>
              </value>
            </param>
            <param index="1">
              <value>
                <![CDATA[7359@Abzal]]>
              </value>
            </param>
          </params>
          <reporter-output>
          </reporter-output>
        </test-method> <!-- verifyLoginWithValidCredemtials -->
        <test-method is-config="true" signature="teardown()[pri:0, instance:test1.LoginTest@173ed316]" started-at="2023-07-13T08:14:04 IST" name="teardown" finished-at="2023-07-13T08:14:04 IST" duration-ms="228" status="PASS">
          <reporter-output>
          </reporter-output>
        </test-method> <!-- teardown -->
        <test-method is-config="true" signature="setup()[pri:0, instance:test1.LoginTest@173ed316]" started-at="2023-07-13T08:14:04 IST" name="setup" finished-at="2023-07-13T08:14:08 IST" duration-ms="3561" status="PASS">
          <reporter-output>
          </reporter-output>
        </test-method> <!-- setup -->
        <test-method signature="verifyLoginWithInValidCredemtials()[pri:2, instance:test1.LoginTest@173ed316]" started-at="2023-07-13T08:14:08 IST" name="verifyLoginWithInValidCredemtials" finished-at="2023-07-13T08:14:09 IST" duration-ms="628" status="PASS">
          <reporter-output>
          </reporter-output>
        </test-method> <!-- verifyLoginWithInValidCredemtials -->
        <test-method is-config="true" signature="teardown()[pri:0, instance:test1.LoginTest@173ed316]" started-at="2023-07-13T08:14:09 IST" name="teardown" finished-at="2023-07-13T08:14:09 IST" duration-ms="247" status="PASS">
          <reporter-output>
          </reporter-output>
        </test-method> <!-- teardown -->
        <test-method is-config="true" signature="setup()[pri:0, instance:test1.LoginTest@173ed316]" started-at="2023-07-13T08:14:09 IST" name="setup" finished-at="2023-07-13T08:14:13 IST" duration-ms="4424" status="PASS">
          <reporter-output>
          </reporter-output>
        </test-method> <!-- setup -->
        <test-method signature="verifyLoginWithInValid_email()[pri:3, instance:test1.LoginTest@173ed316]" started-at="2023-07-13T08:14:13 IST" name="verifyLoginWithInValid_email" finished-at="2023-07-13T08:14:14 IST" duration-ms="650" status="PASS">
          <reporter-output>
          </reporter-output>
        </test-method> <!-- verifyLoginWithInValid_email -->
        <test-method is-config="true" signature="teardown()[pri:0, instance:test1.LoginTest@173ed316]" started-at="2023-07-13T08:14:14 IST" name="teardown" finished-at="2023-07-13T08:14:14 IST" duration-ms="314" status="PASS">
          <reporter-output>
          </reporter-output>
        </test-method> <!-- teardown -->
        <test-method is-config="true" signature="setup()[pri:0, instance:test1.LoginTest@173ed316]" started-at="2023-07-13T08:14:14 IST" name="setup" finished-at="2023-07-13T08:14:18 IST" duration-ms="3471" status="PASS">
          <reporter-output>
          </reporter-output>
        </test-method> <!-- setup -->
        <test-method signature="verifyLoginWithInValid_password()[pri:4, instance:test1.LoginTest@173ed316]" started-at="2023-07-13T08:14:18 IST" name="verifyLoginWithInValid_password" finished-at="2023-07-13T08:14:18 IST" duration-ms="551" status="PASS">
          <reporter-output>
          </reporter-output>
        </test-method> <!-- verifyLoginWithInValid_password -->
        <test-method is-config="true" signature="teardown()[pri:0, instance:test1.LoginTest@173ed316]" started-at="2023-07-13T08:14:18 IST" name="teardown" finished-at="2023-07-13T08:14:19 IST" duration-ms="305" status="PASS">
          <reporter-output>
          </reporter-output>
        </test-method> <!-- teardown -->
      </class> <!-- test1.LoginTest -->
      <class name="test1.RegistrationTest">
        <test-method is-config="true" signature="setup()[pri:0, instance:test1.RegistrationTest@1e0b4072]" started-at="2023-07-13T08:13:29 IST" name="setup" finished-at="2023-07-13T08:13:34 IST" duration-ms="5039" status="PASS">
          <reporter-output>
          </reporter-output>
        </test-method> <!-- setup -->
        <test-method signature="registerWithonly_Mandatoryfields()[pri:0, instance:test1.RegistrationTest@1e0b4072]" started-at="2023-07-13T08:13:34 IST" name="registerWithonly_Mandatoryfields" finished-at="2023-07-13T08:13:37 IST" duration-ms="3133" status="PASS">
          <reporter-output>
          </reporter-output>
        </test-method> <!-- registerWithonly_Mandatoryfields -->
        <test-method is-config="true" signature="teardown()[pri:0, instance:test1.RegistrationTest@1e0b4072]" started-at="2023-07-13T08:13:37 IST" name="teardown" finished-at="2023-07-13T08:13:37 IST" duration-ms="300" status="PASS">
          <reporter-output>
          </reporter-output>
        </test-method> <!-- teardown -->
        <test-method is-config="true" signature="setup()[pri:0, instance:test1.RegistrationTest@1e0b4072]" started-at="2023-07-13T08:13:37 IST" name="setup" finished-at="2023-07-13T08:13:41 IST" duration-ms="3738" status="PASS">
          <reporter-output>
          </reporter-output>
        </test-method> <!-- setup -->
        <test-method signature="verifyRegisterdAccountByprovidingMandatoryFields()[pri:1, instance:test1.RegistrationTest@1e0b4072]" started-at="2023-07-13T08:13:41 IST" name="verifyRegisterdAccountByprovidingMandatoryFields" finished-at="2023-07-13T08:13:42 IST" duration-ms="782" status="PASS">
          <reporter-output>
          </reporter-output>
        </test-method> <!-- verifyRegisterdAccountByprovidingMandatoryFields -->
        <test-method is-config="true" signature="teardown()[pri:0, instance:test1.RegistrationTest@1e0b4072]" started-at="2023-07-13T08:13:42 IST" name="teardown" finished-at="2023-07-13T08:13:42 IST" duration-ms="252" status="PASS">
          <reporter-output>
          </reporter-output>
        </test-method> <!-- teardown -->
        <test-method is-config="true" signature="setup()[pri:0, instance:test1.RegistrationTest@1e0b4072]" started-at="2023-07-13T08:13:42 IST" name="setup" finished-at="2023-07-13T08:13:46 IST" duration-ms="3704" status="PASS">
          <reporter-output>
          </reporter-output>
        </test-method> <!-- setup -->
        <test-method signature="registerWith_ALLfields()[pri:2, instance:test1.RegistrationTest@1e0b4072]" started-at="2023-07-13T08:13:46 IST" name="registerWith_ALLfields" finished-at="2023-07-13T08:13:49 IST" duration-ms="3336" status="PASS">
          <reporter-output>
          </reporter-output>
        </test-method> <!-- registerWith_ALLfields -->
        <test-method is-config="true" signature="teardown()[pri:0, instance:test1.RegistrationTest@1e0b4072]" started-at="2023-07-13T08:13:49 IST" name="teardown" finished-at="2023-07-13T08:13:49 IST" duration-ms="396" status="PASS">
          <reporter-output>
          </reporter-output>
        </test-method> <!-- teardown -->
      </class> <!-- test1.RegistrationTest -->
    </test> <!-- Test1 -->
  </suite> <!-- Suite -->
</testng-results>
