<?xml version="1.0" encoding="UTF-8"?>
<testng-results ignored="0" total="12" passed="11" failed="1" skipped="0">
  <reporter-output>
  </reporter-output>
  <suite started-at="2023-07-11T14:26:41 IST" name="Suite" finished-at="2023-07-11T14:28:07 IST" duration-ms="85772">
    <groups>
    </groups>
    <test started-at="2023-07-11T14:26:41 IST" name="Test1" finished-at="2023-07-11T14:28:07 IST" duration-ms="85772">
      <class name="test1.SearchTest">
        <test-method is-config="true" signature="setup()[pri:0, instance:test1.SearchTest@413d1baf]" started-at="2023-07-11T14:27:49 IST" name="setup" finished-at="2023-07-11T14:27:54 IST" duration-ms="5605" status="PASS">
          <reporter-output>
          </reporter-output>
        </test-method> <!-- setup -->
        <test-method signature="verifyWithValidSearchProduct()[pri:0, instance:test1.SearchTest@413d1baf]" started-at="2023-07-11T14:27:54 IST" name="verifyWithValidSearchProduct" finished-at="2023-07-11T14:27:55 IST" duration-ms="639" status="PASS">
          <reporter-output>
          </reporter-output>
        </test-method> <!-- verifyWithValidSearchProduct -->
        <test-method is-config="true" signature="teardown()[pri:0, instance:test1.SearchTest@413d1baf]" started-at="2023-07-11T14:27:55 IST" name="teardown" finished-at="2023-07-11T14:27:55 IST" duration-ms="281" status="PASS">
          <reporter-output>
          </reporter-output>
        </test-method> <!-- teardown -->
        <test-method is-config="true" signature="setup()[pri:0, instance:test1.SearchTest@413d1baf]" started-at="2023-07-11T14:27:55 IST" name="setup" finished-at="2023-07-11T14:28:00 IST" duration-ms="5164" status="PASS">
          <reporter-output>
          </reporter-output>
        </test-method> <!-- setup -->
        <test-method signature="verifyWithInvalidSearchProduct()[pri:1, instance:test1.SearchTest@413d1baf]" started-at="2023-07-11T14:28:00 IST" name="verifyWithInvalidSearchProduct" finished-at="2023-07-11T14:28:01 IST" duration-ms="474" status="FAIL">
          <exception class="java.lang.AssertionError">
            <message>
              <![CDATA[expected [There is no product that matche the search criteria.] but found [There is no product that matches the search criteria.]]]>
            </message>
            <full-stacktrace>
              <![CDATA[java.lang.AssertionError: expected [There is no product that matche the search criteria.] but found [There is no product that matches the search criteria.]
at org.testng.Assert.fail(Assert.java:111)
at org.testng.Assert.failNotEquals(Assert.java:1578)
at org.testng.Assert.assertEqualsImpl(Assert.java:150)
at org.testng.Assert.assertEquals(Assert.java:132)
at org.testng.Assert.assertEquals(Assert.java:656)
at org.testng.Assert.assertEquals(Assert.java:666)
at test1.SearchTest.verifyWithInvalidSearchProduct(SearchTest.java:51)
at java.base/jdk.internal.reflect.NativeMethodAccessorImpl.invoke0(Native Method)
at java.base/jdk.internal.reflect.NativeMethodAccessorImpl.invoke(NativeMethodAccessorImpl.java:77)
at java.base/jdk.internal.reflect.DelegatingMethodAccessorImpl.invoke(DelegatingMethodAccessorImpl.java:43)
at java.base/java.lang.reflect.Method.invoke(Method.java:568)
at org.testng.internal.invokers.MethodInvocationHelper.invokeMethod(MethodInvocationHelper.java:139)
at org.testng.internal.invokers.TestInvoker.invokeMethod(TestInvoker.java:664)
at org.testng.internal.invokers.TestInvoker.invokeTestMethod(TestInvoker.java:227)
at org.testng.internal.invokers.MethodRunner.runInSequence(MethodRunner.java:50)
at org.testng.internal.invokers.TestInvoker$MethodInvocationAgent.invoke(TestInvoker.java:957)
at org.testng.internal.invokers.TestInvoker.invokeTestMethods(TestInvoker.java:200)
at org.testng.internal.invokers.TestMethodWorker.invokeTestMethods(TestMethodWorker.java:148)
at org.testng.internal.invokers.TestMethodWorker.run(TestMethodWorker.java:128)
at java.base/java.util.ArrayList.forEach(ArrayList.java:1511)
at org.testng.TestRunner.privateRun(TestRunner.java:848)
at org.testng.TestRunner.run(TestRunner.java:621)
at org.testng.SuiteRunner.runTest(SuiteRunner.java:443)
at org.testng.SuiteRunner.runSequentially(SuiteRunner.java:437)
at org.testng.SuiteRunner.privateRun(SuiteRunner.java:397)
at org.testng.SuiteRunner.run(SuiteRunner.java:336)
at org.testng.SuiteRunnerWorker.runSuite(SuiteRunnerWorker.java:52)
at org.testng.SuiteRunnerWorker.run(SuiteRunnerWorker.java:95)
at org.testng.TestNG.runSuitesSequentially(TestNG.java:1280)
at org.testng.TestNG.runSuitesLocally(TestNG.java:1200)
at org.testng.TestNG.runSuites(TestNG.java:1114)
at org.testng.TestNG.run(TestNG.java:1082)
at org.testng.remote.AbstractRemoteTestNG.run(AbstractRemoteTestNG.java:115)
at org.testng.remote.RemoteTestNG.initAndRun(RemoteTestNG.java:251)
at org.testng.remote.RemoteTestNG.main(RemoteTestNG.java:77)
]]>
            </full-stacktrace>
          </exception> <!-- java.lang.AssertionError -->
          <reporter-output>
          </reporter-output>
        </test-method> <!-- verifyWithInvalidSearchProduct -->
        <test-method is-config="true" signature="teardown()[pri:0, instance:test1.SearchTest@413d1baf]" started-at="2023-07-11T14:28:01 IST" name="teardown" finished-at="2023-07-11T14:28:01 IST" duration-ms="274" status="PASS">
          <reporter-output>
          </reporter-output>
        </test-method> <!-- teardown -->
        <test-method is-config="true" signature="setup()[pri:0, instance:test1.SearchTest@413d1baf]" started-at="2023-07-11T14:28:01 IST" name="setup" finished-at="2023-07-11T14:28:06 IST" duration-ms="4801" status="PASS">
          <reporter-output>
          </reporter-output>
        </test-method> <!-- setup -->
        <test-method signature="verifyWithBlankSearchProduct()[pri:2, instance:test1.SearchTest@413d1baf]" started-at="2023-07-11T14:28:06 IST" name="verifyWithBlankSearchProduct" finished-at="2023-07-11T14:28:06 IST" duration-ms="370" status="PASS">
          <reporter-output>
          </reporter-output>
        </test-method> <!-- verifyWithBlankSearchProduct -->
        <test-method is-config="true" signature="teardown()[pri:0, instance:test1.SearchTest@413d1baf]" started-at="2023-07-11T14:28:06 IST" name="teardown" finished-at="2023-07-11T14:28:07 IST" duration-ms="227" status="PASS">
          <reporter-output>
          </reporter-output>
        </test-method> <!-- teardown -->
      </class> <!-- test1.SearchTest -->
      <class name="test1.logintest">
        <test-method is-config="true" signature="setup()[pri:0, instance:test1.logintest@6caf0677]" started-at="2023-07-11T14:27:10 IST" name="setup" finished-at="2023-07-11T14:27:16 IST" duration-ms="5334" status="PASS">
          <reporter-output>
          </reporter-output>
        </test-method> <!-- setup -->
        <test-method signature="verifyLoginWithValidCredemtials(java.lang.String,java.lang.String)[pri:1, instance:test1.logintest@6caf0677]" started-at="2023-07-11T14:27:16 IST" name="verifyLoginWithValidCredemtials" data-provider="Abzal" finished-at="2023-07-11T14:27:16 IST" duration-ms="809" status="PASS">
          <params>
            <param index="0">
              <value>
                <![CDATA[O170700@rguktong.ac.in]]>
              </value>
            </param>
            <param index="1">
              <value>
                <![CDATA[7359@Abzal]]>
              </value>
            </param>
          </params>
          <reporter-output>
          </reporter-output>
        </test-method> <!-- verifyLoginWithValidCredemtials -->
        <test-method is-config="true" signature="teardown()[pri:0, instance:test1.logintest@6caf0677]" started-at="2023-07-11T14:27:16 IST" name="teardown" finished-at="2023-07-11T14:27:17 IST" duration-ms="338" status="PASS">
          <reporter-output>
          </reporter-output>
        </test-method> <!-- teardown -->
        <test-method is-config="true" signature="setup()[pri:0, instance:test1.logintest@6caf0677]" started-at="2023-07-11T14:27:17 IST" name="setup" finished-at="2023-07-11T14:27:23 IST" duration-ms="5911" status="PASS">
          <reporter-output>
          </reporter-output>
        </test-method> <!-- setup -->
        <test-method signature="verifyLoginWithValidCredemtials(java.lang.String,java.lang.String)[pri:1, instance:test1.logintest@6caf0677]" started-at="2023-07-11T14:27:23 IST" name="verifyLoginWithValidCredemtials" data-provider="Abzal" finished-at="2023-07-11T14:27:23 IST" duration-ms="777" status="PASS">
          <params>
            <param index="0">
              <value>
                <![CDATA[O170700@rguktong.ac.in]]>
              </value>
            </param>
            <param index="1">
              <value>
                <![CDATA[7359@Abzal]]>
              </value>
            </param>
          </params>
          <reporter-output>
          </reporter-output>
        </test-method> <!-- verifyLoginWithValidCredemtials -->
        <test-method is-config="true" signature="teardown()[pri:0, instance:test1.logintest@6caf0677]" started-at="2023-07-11T14:27:23 IST" name="teardown" finished-at="2023-07-11T14:27:24 IST" duration-ms="258" status="PASS">
          <reporter-output>
          </reporter-output>
        </test-method> <!-- teardown -->
        <test-method is-config="true" signature="setup()[pri:0, instance:test1.logintest@6caf0677]" started-at="2023-07-11T14:27:24 IST" name="setup" finished-at="2023-07-11T14:27:29 IST" duration-ms="5246" status="PASS">
          <reporter-output>
          </reporter-output>
        </test-method> <!-- setup -->
        <test-method signature="verifyLoginWithValidCredemtials(java.lang.String,java.lang.String)[pri:1, instance:test1.logintest@6caf0677]" started-at="2023-07-11T14:27:29 IST" name="verifyLoginWithValidCredemtials" data-provider="Abzal" finished-at="2023-07-11T14:27:30 IST" duration-ms="775" status="PASS">
          <params>
            <param index="0">
              <value>
                <![CDATA[O170700@rguktong.ac.in]]>
              </value>
            </param>
            <param index="1">
              <value>
                <![CDATA[7359@Abzal]]>
              </value>
            </param>
          </params>
          <reporter-output>
          </reporter-output>
        </test-method> <!-- verifyLoginWithValidCredemtials -->
        <test-method is-config="true" signature="teardown()[pri:0, instance:test1.logintest@6caf0677]" started-at="2023-07-11T14:27:30 IST" name="teardown" finished-at="2023-07-11T14:27:30 IST" duration-ms="272" status="PASS">
          <reporter-output>
          </reporter-output>
        </test-method> <!-- teardown -->
        <test-method is-config="true" signature="setup()[pri:0, instance:test1.logintest@6caf0677]" started-at="2023-07-11T14:27:30 IST" name="setup" finished-at="2023-07-11T14:27:36 IST" duration-ms="5497" status="PASS">
          <reporter-output>
          </reporter-output>
        </test-method> <!-- setup -->
        <test-method signature="verifyLoginWithInValidCredemtials()[pri:2, instance:test1.logintest@6caf0677]" started-at="2023-07-11T14:27:36 IST" name="verifyLoginWithInValidCredemtials" finished-at="2023-07-11T14:27:36 IST" duration-ms="574" status="PASS">
          <reporter-output>
          </reporter-output>
        </test-method> <!-- verifyLoginWithInValidCredemtials -->
        <test-method is-config="true" signature="teardown()[pri:0, instance:test1.logintest@6caf0677]" started-at="2023-07-11T14:27:36 IST" name="teardown" finished-at="2023-07-11T14:27:36 IST" duration-ms="236" status="PASS">
          <reporter-output>
          </reporter-output>
        </test-method> <!-- teardown -->
        <test-method is-config="true" signature="setup()[pri:0, instance:test1.logintest@6caf0677]" started-at="2023-07-11T14:27:36 IST" name="setup" finished-at="2023-07-11T14:27:41 IST" duration-ms="5139" status="PASS">
          <reporter-output>
          </reporter-output>
        </test-method> <!-- setup -->
        <test-method signature="verifyLoginWithInValid_email()[pri:3, instance:test1.logintest@6caf0677]" started-at="2023-07-11T14:27:41 IST" name="verifyLoginWithInValid_email" finished-at="2023-07-11T14:27:42 IST" duration-ms="594" status="PASS">
          <reporter-output>
          </reporter-output>
        </test-method> <!-- verifyLoginWithInValid_email -->
        <test-method is-config="true" signature="teardown()[pri:0, instance:test1.logintest@6caf0677]" started-at="2023-07-11T14:27:42 IST" name="teardown" finished-at="2023-07-11T14:27:42 IST" duration-ms="259" status="PASS">
          <reporter-output>
          </reporter-output>
        </test-method> <!-- teardown -->
        <test-method is-config="true" signature="setup()[pri:0, instance:test1.logintest@6caf0677]" started-at="2023-07-11T14:27:42 IST" name="setup" finished-at="2023-07-11T14:27:48 IST" duration-ms="5402" status="PASS">
          <reporter-output>
          </reporter-output>
        </test-method> <!-- setup -->
        <test-method signature="verifyLoginWithInValid_password()[pri:4, instance:test1.logintest@6caf0677]" started-at="2023-07-11T14:27:48 IST" name="verifyLoginWithInValid_password" finished-at="2023-07-11T14:27:48 IST" duration-ms="538" status="PASS">
          <reporter-output>
          </reporter-output>
        </test-method> <!-- verifyLoginWithInValid_password -->
        <test-method is-config="true" signature="teardown()[pri:0, instance:test1.logintest@6caf0677]" started-at="2023-07-11T14:27:48 IST" name="teardown" finished-at="2023-07-11T14:27:49 IST" duration-ms="272" status="PASS">
          <reporter-output>
          </reporter-output>
        </test-method> <!-- teardown -->
      </class> <!-- test1.logintest -->
      <class name="test1.Registrationtest">
        <test-method is-config="true" signature="setup()[pri:0, instance:test1.Registrationtest@793f29ff]" started-at="2023-07-11T14:26:41 IST" name="setup" finished-at="2023-07-11T14:26:48 IST" duration-ms="7292" status="PASS">
          <reporter-output>
          </reporter-output>
        </test-method> <!-- setup -->
        <test-method signature="registerWithonly_Mandatoryfields()[pri:0, instance:test1.Registrationtest@793f29ff]" started-at="2023-07-11T14:26:48 IST" name="registerWithonly_Mandatoryfields" finished-at="2023-07-11T14:26:52 IST" duration-ms="3193" status="PASS">
          <reporter-output>
          </reporter-output>
        </test-method> <!-- registerWithonly_Mandatoryfields -->
        <test-method is-config="true" signature="teardown()[pri:0, instance:test1.Registrationtest@793f29ff]" started-at="2023-07-11T14:26:52 IST" name="teardown" finished-at="2023-07-11T14:26:52 IST" duration-ms="323" status="PASS">
          <reporter-output>
          </reporter-output>
        </test-method> <!-- teardown -->
        <test-method is-config="true" signature="setup()[pri:0, instance:test1.Registrationtest@793f29ff]" started-at="2023-07-11T14:26:52 IST" name="setup" finished-at="2023-07-11T14:26:58 IST" duration-ms="6407" status="PASS">
          <reporter-output>
          </reporter-output>
        </test-method> <!-- setup -->
        <test-method signature="verifyRegisterdAccountByprovidingMandatoryFields()[pri:1, instance:test1.Registrationtest@793f29ff]" started-at="2023-07-11T14:26:58 IST" name="verifyRegisterdAccountByprovidingMandatoryFields" finished-at="2023-07-11T14:26:59 IST" duration-ms="869" status="PASS">
          <reporter-output>
          </reporter-output>
        </test-method> <!-- verifyRegisterdAccountByprovidingMandatoryFields -->
        <test-method is-config="true" signature="teardown()[pri:0, instance:test1.Registrationtest@793f29ff]" started-at="2023-07-11T14:26:59 IST" name="teardown" finished-at="2023-07-11T14:27:00 IST" duration-ms="331" status="PASS">
          <reporter-output>
          </reporter-output>
        </test-method> <!-- teardown -->
        <test-method is-config="true" signature="setup()[pri:0, instance:test1.Registrationtest@793f29ff]" started-at="2023-07-11T14:27:00 IST" name="setup" finished-at="2023-07-11T14:27:06 IST" duration-ms="6731" status="PASS">
          <reporter-output>
          </reporter-output>
        </test-method> <!-- setup -->
        <test-method signature="registerWith_ALLfields()[pri:2, instance:test1.Registrationtest@793f29ff]" started-at="2023-07-11T14:27:06 IST" name="registerWith_ALLfields" finished-at="2023-07-11T14:27:10 IST" duration-ms="3366" status="PASS">
          <reporter-output>
          </reporter-output>
        </test-method> <!-- registerWith_ALLfields -->
        <test-method is-config="true" signature="teardown()[pri:0, instance:test1.Registrationtest@793f29ff]" started-at="2023-07-11T14:27:10 IST" name="teardown" finished-at="2023-07-11T14:27:10 IST" duration-ms="295" status="PASS">
          <reporter-output>
          </reporter-output>
        </test-method> <!-- teardown -->
      </class> <!-- test1.Registrationtest -->
    </test> <!-- Test1 -->
  </suite> <!-- Suite -->
</testng-results>
